<?xml version="1.0" encoding="UTF-8"?>
<!-- Generated by org.testng.reporters.JUnitReportReporter -->
<testsuite hostname="LAPTOP-MI1R02SA" name="star.admission.staradmission" tests="1" failures="0" timestamp="4 Oct 2019 12:33:25 GMT" time="715.756" errors="0">
  <testcase name="starNewAdmission" time="715.756" classname="star.admission.staradmission"/>
</testsuite> <!-- star.admission.staradmission -->
