<?xml version="1.0" encoding="UTF-8"?>
<!-- Generated by org.testng.reporters.JUnitReportReporter -->
<testsuite hostname="LAPTOP-MI1R02SA" name="star.admission.staradmission" tests="1" failures="0" timestamp="5 Oct 2019 14:42:21 GMT" time="164.930" errors="0">
  <testcase name="starNewAdmission" time="164.930" classname="star.admission.staradmission"/>
</testsuite> <!-- star.admission.staradmission -->
