<?xml version="1.0" encoding="UTF-8"?>
<!-- Generated by org.testng.reporters.JUnitReportReporter -->
<testsuite hostname="LAPTOP-MI1R02SA" failures="0" tests="1" name="star.admission.staradmission" time="207.944" errors="0" timestamp="3 Oct 2019 18:05:46 GMT">
  <testcase classname="star.admission.staradmission" name="starNewAdmission" time="207.944"/>
</testsuite> <!-- star.admission.staradmission -->
